MAIN_DIRECTORY_LEVEL:0
RUN_FROM_MODS:false
GLOBAL_OVERRIDE_CUSTOM_OUTPUT_DIR:"Blood-N-Wine-2-Server"
USE_CUSTOM_OUTPUT_DIR:true

Processing entry:
Source folder: C:\Users\NukelordBrown\Documents\Intelij Java Code\CopyAndModifyFolder\.\.\config
Destination folder: C:\Users\NukelordBrown\Documents\Intelij Java Code\CopyAndModifyFolder\.\Blood-N-Wine-2-Server.\config
CONFIG_LIST: [- "abnormals_core-client.toml", - "abnormals_core-common.toml", - "aiimprovements-common.toml"]
FOLDER_LIST: [- "alexsmobs", - "other_mod_folder"]
Copying folder from: ./config to Blood-N-Wine-2-Server./config
Copying folder from: ./config to Blood-N-Wine-2-Server./config
Folder copy complete. Source folder: ./config, Destination folder: Blood-N-Wine-2-Server./config
Copying folder from: ./config to Blood-N-Wine-2-Server./config
Folder copy complete. Source folder: ./config, Destination folder: Blood-N-Wine-2-Server./config
Folder copy complete. Source folder: ./config, Destination folder: Blood-N-Wine-2-Server./config
Removing config files: [- "abnormals_core-client.toml", - "abnormals_core-common.toml", - "aiimprovements-common.toml"] from C:\Users\NukelordBrown\Documents\Intelij Java Code\CopyAndModifyFolder\.\Blood-N-Wine-2-Server.\config
Config file not found: C:\Users\NukelordBrown\Documents\Intelij Java Code\CopyAndModifyFolder\.\Blood-N-Wine-2-Server.\config\- "abnormals_core-client.toml"
Config file not found: C:\Users\NukelordBrown\Documents\Intelij Java Code\CopyAndModifyFolder\.\Blood-N-Wine-2-Server.\config\- "abnormals_core-common.toml"
Config file not found: C:\Users\NukelordBrown\Documents\Intelij Java Code\CopyAndModifyFolder\.\Blood-N-Wine-2-Server.\config\- "aiimprovements-common.toml"
Config file removal complete.
Deleting folders: [- "alexsmobs", - "other_mod_folder"] from C:\Users\NukelordBrown\Documents\Intelij Java Code\CopyAndModifyFolder\.\Blood-N-Wine-2-Server.\config
Folder not found: C:\Users\NukelordBrown\Documents\Intelij Java Code\CopyAndModifyFolder\.\Blood-N-Wine-2-Server.\config\- "alexsmobs"
Folder not found: C:\Users\NukelordBrown\Documents\Intelij Java Code\CopyAndModifyFolder\.\Blood-N-Wine-2-Server.\config\- "other_mod_folder"
Folder deletion complete.
Checking for deletions in C:\Users\NukelordBrown\Documents\Intelij Java Code\CopyAndModifyFolder\.\Blood-N-Wine-2-Server.\config
Deletion check complete.
Processing complete for this entry.
Processing entry:
Source folder: C:\Users\NukelordBrown\Documents\Intelij Java Code\CopyAndModifyFolder\.\.\mods
Destination folder: C:\Users\NukelordBrown\Documents\Intelij Java Code\CopyAndModifyFolder\.\Blood-N-Wine-2-Server.\mods
CONFIG_LIST: [- "abnormals_core-client.toml", - "abnormals_core-common.toml", - "aiimprovements-common.toml"]
FOLDER_LIST: [- "alexsmobs", - "other_mod_folder"]
Copying folder from: ./mods to Blood-N-Wine-2-Server./mods
Folder copy complete. Source folder: ./mods, Destination folder: Blood-N-Wine-2-Server./mods
Removing config files: [- "abnormals_core-client.toml", - "abnormals_core-common.toml", - "aiimprovements-common.toml"] from C:\Users\NukelordBrown\Documents\Intelij Java Code\CopyAndModifyFolder\.\Blood-N-Wine-2-Server.\mods
Config file not found: C:\Users\NukelordBrown\Documents\Intelij Java Code\CopyAndModifyFolder\.\Blood-N-Wine-2-Server.\mods\- "abnormals_core-client.toml"
Config file not found: C:\Users\NukelordBrown\Documents\Intelij Java Code\CopyAndModifyFolder\.\Blood-N-Wine-2-Server.\mods\- "abnormals_core-common.toml"
Config file not found: C:\Users\NukelordBrown\Documents\Intelij Java Code\CopyAndModifyFolder\.\Blood-N-Wine-2-Server.\mods\- "aiimprovements-common.toml"
Config file removal complete.
Deleting folders: [- "alexsmobs", - "other_mod_folder"] from C:\Users\NukelordBrown\Documents\Intelij Java Code\CopyAndModifyFolder\.\Blood-N-Wine-2-Server.\mods
Folder not found: C:\Users\NukelordBrown\Documents\Intelij Java Code\CopyAndModifyFolder\.\Blood-N-Wine-2-Server.\mods\- "alexsmobs"
Folder not found: C:\Users\NukelordBrown\Documents\Intelij Java Code\CopyAndModifyFolder\.\Blood-N-Wine-2-Server.\mods\- "other_mod_folder"
Folder deletion complete.
Checking for deletions in C:\Users\NukelordBrown\Documents\Intelij Java Code\CopyAndModifyFolder\.\Blood-N-Wine-2-Server.\mods
Deletion check complete.
Processing complete for this entry.
Processing entry:
Source folder: C:\Users\NukelordBrown\Documents\Intelij Java Code\CopyAndModifyFolder\.\.\config\alexsmobs
Destination folder: C:\Users\NukelordBrown\Documents\Intelij Java Code\CopyAndModifyFolder\.\Blood-N-Wine-2-Server.\config\alexsmobs
CONFIG_LIST: [- "abnormals_core-client.toml", - "abnormals_core-common.toml", - "aiimprovements-common.toml"]
FOLDER_LIST: [- "alexsmobs", - "other_mod_folder"]
Copying folder from: ./config/alexsmobs to Blood-N-Wine-2-Server./config/alexsmobs
Folder copy complete. Source folder: ./config/alexsmobs, Destination folder: Blood-N-Wine-2-Server./config/alexsmobs
Removing config files: [- "abnormals_core-client.toml", - "abnormals_core-common.toml", - "aiimprovements-common.toml"] from C:\Users\NukelordBrown\Documents\Intelij Java Code\CopyAndModifyFolder\.\Blood-N-Wine-2-Server.\config\alexsmobs
Config file not found: C:\Users\NukelordBrown\Documents\Intelij Java Code\CopyAndModifyFolder\.\Blood-N-Wine-2-Server.\config\alexsmobs\- "abnormals_core-client.toml"
Config file not found: C:\Users\NukelordBrown\Documents\Intelij Java Code\CopyAndModifyFolder\.\Blood-N-Wine-2-Server.\config\alexsmobs\- "abnormals_core-common.toml"
Config file not found: C:\Users\NukelordBrown\Documents\Intelij Java Code\CopyAndModifyFolder\.\Blood-N-Wine-2-Server.\config\alexsmobs\- "aiimprovements-common.toml"
Config file removal complete.
Deleting folders: [- "alexsmobs", - "other_mod_folder"] from C:\Users\NukelordBrown\Documents\Intelij Java Code\CopyAndModifyFolder\.\Blood-N-Wine-2-Server.\config\alexsmobs
Folder not found: C:\Users\NukelordBrown\Documents\Intelij Java Code\CopyAndModifyFolder\.\Blood-N-Wine-2-Server.\config\alexsmobs\- "alexsmobs"
Folder not found: C:\Users\NukelordBrown\Documents\Intelij Java Code\CopyAndModifyFolder\.\Blood-N-Wine-2-Server.\config\alexsmobs\- "other_mod_folder"
Folder deletion complete.
Checking for deletions in C:\Users\NukelordBrown\Documents\Intelij Java Code\CopyAndModifyFolder\.\Blood-N-Wine-2-Server.\config\alexsmobs
Deletion check complete.
Processing complete for this entry.
Processing entry:
Source folder: C:\Users\NukelordBrown\Documents\Intelij Java Code\CopyAndModifyFolder\.\.\config\zombieawareness
Destination folder: C:\Users\NukelordBrown\Documents\Intelij Java Code\CopyAndModifyFolder\.\Blood-N-Wine-2-Server.\0_Serverside-Only-Files\config\zombieawareness
CONFIG_LIST: [- "abnormals_core-client.toml", - "abnormals_core-common.toml", - "aiimprovements-common.toml"]
FOLDER_LIST: [- "alexsmobs", - "other_mod_folder"]
Copying folder from: ./config/zombieawareness to Blood-N-Wine-2-Server./0_Serverside-Only-Files/config/zombieawareness
Folder copy complete. Source folder: ./config/zombieawareness, Destination folder: Blood-N-Wine-2-Server./0_Serverside-Only-Files/config/zombieawareness
Removing config files: [- "abnormals_core-client.toml", - "abnormals_core-common.toml", - "aiimprovements-common.toml"] from C:\Users\NukelordBrown\Documents\Intelij Java Code\CopyAndModifyFolder\.\Blood-N-Wine-2-Server.\0_Serverside-Only-Files\config\zombieawareness
Config file not found: C:\Users\NukelordBrown\Documents\Intelij Java Code\CopyAndModifyFolder\.\Blood-N-Wine-2-Server.\0_Serverside-Only-Files\config\zombieawareness\- "abnormals_core-client.toml"
Config file not found: C:\Users\NukelordBrown\Documents\Intelij Java Code\CopyAndModifyFolder\.\Blood-N-Wine-2-Server.\0_Serverside-Only-Files\config\zombieawareness\- "abnormals_core-common.toml"
Config file not found: C:\Users\NukelordBrown\Documents\Intelij Java Code\CopyAndModifyFolder\.\Blood-N-Wine-2-Server.\0_Serverside-Only-Files\config\zombieawareness\- "aiimprovements-common.toml"
Config file removal complete.
Deleting folders: [- "alexsmobs", - "other_mod_folder"] from C:\Users\NukelordBrown\Documents\Intelij Java Code\CopyAndModifyFolder\.\Blood-N-Wine-2-Server.\0_Serverside-Only-Files\config\zombieawareness
Folder not found: C:\Users\NukelordBrown\Documents\Intelij Java Code\CopyAndModifyFolder\.\Blood-N-Wine-2-Server.\0_Serverside-Only-Files\config\zombieawareness\- "alexsmobs"
Folder not found: C:\Users\NukelordBrown\Documents\Intelij Java Code\CopyAndModifyFolder\.\Blood-N-Wine-2-Server.\0_Serverside-Only-Files\config\zombieawareness\- "other_mod_folder"
Folder deletion complete.
Checking for deletions in C:\Users\NukelordBrown\Documents\Intelij Java Code\CopyAndModifyFolder\.\Blood-N-Wine-2-Server.\0_Serverside-Only-Files\config\zombieawareness
Deletion check complete.
Processing complete for this entry.
Processing entry:
Source file: C:\Users\NukelordBrown\Documents\Intelij Java Code\CopyAndModifyFolder\.\.\.0bnw2 forge-1.16.5-36.2.35
Destination file: C:\Users\NukelordBrown\Documents\Intelij Java Code\CopyAndModifyFolder\.\Blood-N-Wine-2-Server.\.0_bnw2 forge-1.16.5-36.2.35
Copying file from: ./.0bnw2 forge-1.16.5-36.2.35 to Blood-N-Wine-2-Server./.0_bnw2 forge-1.16.5-36.2.35
Source folder is empty or does not exist: C:\Users\NukelordBrown\Documents\Intelij Java Code\CopyAndModifyFolder\.\.\.0bnw2 forge-1.16.5-36.2.35
Folder copy complete. Source folder: ./.0bnw2 forge-1.16.5-36.2.35, Destination folder: Blood-N-Wine-2-Server./.0_bnw2 forge-1.16.5-36.2.35
Processing complete for this entry.
Processing entry:
Source file: C:\Users\NukelordBrown\Documents\Intelij Java Code\CopyAndModifyFolder\.\.\.0bnw2 version 2.1
Destination file: C:\Users\NukelordBrown\Documents\Intelij Java Code\CopyAndModifyFolder\.\Blood-N-Wine-2-Server.\.0_bnw2 version 2.1
Copying file from: ./.0bnw2 version 2.1 to Blood-N-Wine-2-Server./.0_bnw2 version 2.1
Source folder is empty or does not exist: C:\Users\NukelordBrown\Documents\Intelij Java Code\CopyAndModifyFolder\.\.\.0bnw2 version 2.1
Folder copy complete. Source folder: ./.0bnw2 version 2.1, Destination folder: Blood-N-Wine-2-Server./.0_bnw2 version 2.1
Processing complete for this entry.
Processing entry:
Source file: C:\Users\NukelordBrown\Documents\Intelij Java Code\CopyAndModifyFolder\.\.\alexsmobs.toml
Destination file: C:\Users\NukelordBrown\Documents\Intelij Java Code\CopyAndModifyFolder\.\Blood-N-Wine-2-Server.\alexsmobs.toml
Copying file from: ./alexsmobs.toml to Blood-N-Wine-2-Server./alexsmobs.toml
Folder copy complete. Source folder: ./alexsmobs.toml, Destination folder: Blood-N-Wine-2-Server./alexsmobs.toml
Processing complete for this entry.
Processing entry:
Source file: C:\Users\NukelordBrown\Documents\Intelij Java Code\CopyAndModifyFolder\.\.\allay-common.toml
Destination file: C:\Users\NukelordBrown\Documents\Intelij Java Code\CopyAndModifyFolder\.\Blood-N-Wine-2-Server.\allay-common.toml
Copying file from: ./allay-common.toml to Blood-N-Wine-2-Server./allay-common.toml
Folder copy complete. Source folder: ./allay-common.toml, Destination folder: Blood-N-Wine-2-Server./allay-common.toml
Processing complete for this entry.
Processing entry:
Source file: C:\Users\NukelordBrown\Documents\Intelij Java Code\CopyAndModifyFolder\.\.\.0bnw2 version 2.1
Destination file: C:\Users\NukelordBrown\Documents\Intelij Java Code\CopyAndModifyFolder\.\Blood-N-Wine-2-Server.\0_Serverside-Only-Files\.0_bnw2 version 2.1
Copying file from: ./.0bnw2 version 2.1 to Blood-N-Wine-2-Server./0_Serverside-Only-Files/.0_bnw2 version 2.1
Source folder is empty or does not exist: C:\Users\NukelordBrown\Documents\Intelij Java Code\CopyAndModifyFolder\.\.\.0bnw2 version 2.1
Folder copy complete. Source folder: ./.0bnw2 version 2.1, Destination folder: Blood-N-Wine-2-Server./0_Serverside-Only-Files/.0_bnw2 version 2.1
Processing complete for this entry.
Processing entry:
Source file: C:\Users\NukelordBrown\Documents\Intelij Java Code\CopyAndModifyFolder\.\.\.0bnw2 version 2.1
Destination file: C:\Users\NukelordBrown\Documents\Intelij Java Code\CopyAndModifyFolder\.\Blood-N-Wine-2-Server.\0_Serverside-Only-Files\jewtest\.0_bnw2 version 2.1
Copying file from: ./.0bnw2 version 2.1 to Blood-N-Wine-2-Server./0_Serverside-Only-Files/jewtest/.0_bnw2 version 2.1
Source folder is empty or does not exist: C:\Users\NukelordBrown\Documents\Intelij Java Code\CopyAndModifyFolder\.\.\.0bnw2 version 2.1
Folder copy complete. Source folder: ./.0bnw2 version 2.1, Destination folder: Blood-N-Wine-2-Server./0_Serverside-Only-Files/jewtest/.0_bnw2 version 2.1
Processing complete for this entry.
Processing entry:
Source file: C:\Users\NukelordBrown\Documents\Intelij Java Code\CopyAndModifyFolder\.\.\config\alexsmobs\bald_eagle_spawns.json
Destination file: C:\Users\NukelordBrown\Documents\Intelij Java Code\CopyAndModifyFolder\.\Blood-N-Wine-2-Server.\0_Serverside-Only-Files\config\alexsmobs\bald_eagle_spawns.json
Copying file from: ./config/alexsmobs/bald_eagle_spawns.json to Blood-N-Wine-2-Server./0_Serverside-Only-Files/config/alexsmobs/bald_eagle_spawns.json
Folder copy complete. Source folder: ./config/alexsmobs/bald_eagle_spawns.json, Destination folder: Blood-N-Wine-2-Server./0_Serverside-Only-Files/config/alexsmobs/bald_eagle_spawns.json
Processing complete for this entry.

Task completed successfully.
